<?xml version="1.0" encoding="UTF-8"?>
<testng-results ignored="0" total="3" passed="3" failed="0" skipped="0">
  <reporter-output>
  </reporter-output>
  <suite started-at="2022-08-07T18:00:14 IST" name="Default suite" finished-at="2022-08-07T18:01:18 IST" duration-ms="64053">
    <groups>
    </groups>
    <test started-at="2022-08-07T18:00:14 IST" name="Default test" finished-at="2022-08-07T18:01:18 IST" duration-ms="64053">
      <class name="TestScenarios">
        <test-method signature="Test1()[pri:1, instance:TestScenarios@759d26fb]" started-at="2022-08-07T18:00:14 IST" name="Test1" finished-at="2022-08-07T18:00:28 IST" duration-ms="13580" status="PASS">
          <reporter-output>
          </reporter-output>
        </test-method> <!-- Test1 -->
        <test-method signature="Test2()[pri:2, instance:TestScenarios@759d26fb]" started-at="2022-08-07T18:00:28 IST" name="Test2" finished-at="2022-08-07T18:00:44 IST" duration-ms="15897" status="PASS">
          <reporter-output>
          </reporter-output>
        </test-method> <!-- Test2 -->
        <test-method signature="Test3()[pri:3, instance:TestScenarios@759d26fb]" started-at="2022-08-07T18:00:44 IST" name="Test3" finished-at="2022-08-07T18:01:18 IST" duration-ms="34317" status="PASS">
          <reporter-output>
          </reporter-output>
        </test-method> <!-- Test3 -->
      </class> <!-- TestScenarios -->
    </test> <!-- Default test -->
  </suite> <!-- Default suite -->
</testng-results>
